Build target 'ComprehensiveExperiment'
assembling startup_stm32f407xx.s...
compiling main.c...
compiling gpio.c...
compiling adc.c...
compiling dma.c...
compiling tim.c...
compiling usart.c...
compiling stm32f4xx_it.c...
compiling stm32f4xx_hal_msp.c...
compiling pid.c...
compiling uartPack.c...
../Core/Inc/main.h(53): error:  #20: identifier "uart_o_ctrl_t" is undefined
  extern uart_o_ctrl_t uart1;
..\Core\Src\uartPack.c: 0 warnings, 1 error
compiling stm32f4xx_hal_adc.c...
compiling stm32f4xx_hal_adc_ex.c...
compiling stm32f4xx_ll_adc.c...
compiling stm32f4xx_hal_rcc.c...
compiling stm32f4xx_hal_rcc_ex.c...
compiling stm32f4xx_hal_flash.c...
compiling stm32f4xx_hal_flash_ex.c...
compiling stm32f4xx_hal_flash_ramfunc.c...
compiling stm32f4xx_hal_gpio.c...
compiling stm32f4xx_hal_dma_ex.c...
compiling stm32f4xx_hal_dma.c...
compiling stm32f4xx_hal_pwr.c...
compiling stm32f4xx_hal_pwr_ex.c...
compiling stm32f4xx_hal_cortex.c...
compiling stm32f4xx_hal.c...
compiling stm32f4xx_hal_exti.c...
compiling stm32f4xx_hal_tim.c...
compiling stm32f4xx_hal_tim_ex.c...
compiling stm32f4xx_hal_uart.c...
compiling system_stm32f4xx.c...
"ComprehensiveExperiment\ComprehensiveExperiment.axf" - 1 Error(s), 0 Warning(s).
Target not created.
